   -\ 
   - 
インストールされているパッケージのバージョンは、どのソースからも利用できません: DevToys
インストールされているパッケージのバージョンは、どのソースからも利用できません: Brave
インストールされているパッケージのバージョンは、どのソースからも利用できません: Microsoft Edge Update
インストールされているパッケージのバージョンは、どのソースからも利用できません: Cortana
インストールされているパッケージのバージョンは、どのソースからも利用できません: アプリ インストーラー
インストールされているパッケージのバージョンは、どのソースからも利用できません: 問い合わせ
インストールされているパッケージのバージョンは、どのソースからも利用できません: HEIF Image Extensions
インストールされているパッケージのバージョンは、どのソースからも利用できません: 日本語 ローカル エクスペリエンス パック
インストールされているパッケージのバージョンは、どのソースからも利用できません: ペイント 3D
インストールされているパッケージのバージョンは、どのソースからも利用できません: 3D ビューアー
インストールされているパッケージのバージョンは、どのソースからも利用できません: Microsoft Edge
インストールされているパッケージのバージョンは、どのソースからも利用できません: Microsoft People
インストールされているパッケージのバージョンは、どのソースからも利用できません: PowerShell
インストールされているパッケージのバージョンは、どのソースからも利用できません: 切り取り & スケッチ
インストールされているパッケージのバージョンは、どのソースからも利用できません: Microsoft Store エクスペリエンス ホスト
インストールされているパッケージのバージョンは、どのソースからも利用できません: VP9 Video Extensions
インストールされているパッケージのバージョンは、どのソースからも利用できません: Microsoft Pay
インストールされているパッケージのバージョンは、どのソースからも利用できません: Web メディア拡張機能
インストールされているパッケージのバージョンは、どのソースからも利用できません: Webp 画像拡張機能
インストールされているパッケージのバージョンは、どのソースからも利用できません: Microsoft フォト
インストールされているパッケージのバージョンは、どのソースからも利用できません: Windows アラーム & クロック
インストールされているパッケージのバージョンは、どのソースからも利用できません: Windows 電卓
インストールされているパッケージのバージョンは、どのソースからも利用できません: Windows カメラ
インストールされているパッケージのバージョンは、どのソースからも利用できません: フィードバック Hub
インストールされているパッケージのバージョンは、どのソースからも利用できません: Windows マップ
インストールされているパッケージのバージョンは、どのソースからも利用できません: Windows ボイス レコーダー
インストールされているパッケージのバージョンは、どのソースからも利用できません: Microsoft Store
インストールされているパッケージのバージョンは、どのソースからも利用できません: Windows Package Manager Source (winget)
インストールされているパッケージのバージョンは、どのソースからも利用できません: Xbox TCUI
インストールされているパッケージのバージョンは、どのソースからも利用できません: Xbox コンソール コンパニオン
インストールされているパッケージのバージョンは、どのソースからも利用できません: Xbox Game Bar Plugin
インストールされているパッケージのバージョンは、どのソースからも利用できません: Xbox Game Bar
インストールされているパッケージのバージョンは、どのソースからも利用できません: Xbox Identity Provider
インストールされているパッケージのバージョンは、どのソースからも利用できません: Xbox Game Speech Window
インストールされているパッケージのバージョンは、どのソースからも利用できません: 電話リンク
インストールされているパッケージのバージョンは、どのソースからも利用できません: Groove ミュージック
インストールされているパッケージのバージョンは、どのソースからも利用できません: 映画 & テレビ
インストールされているパッケージのバージョンは、どのソースからも利用できません: Mozilla Maintenance Service
インストールされているパッケージのバージョンは、どのソースからも利用できません: NVIDIA Control Panel
インストールされているパッケージのバージョンは、どのソースからも利用できません: Synology Surveillance Station Client
インストールされているパッケージのバージョンは、どのソースからも利用できません: Python Launcher
インストールされているパッケージのバージョンは、どのソースからも利用できません: NeeView 39.3
インストールされているパッケージのバージョンは、どのソースからも利用できません: Microsoft Visual C++ 2015-2019 Redistributable (x86) - 14.22.27821
インストールされているパッケージのバージョンは、どのソースからも利用できません: Microsoft Visual C++ 2015-2019 Redistributable (x64) - 14.22.27821
インストールされているパッケージのバージョンは、どのソースからも利用できません: Microsoft Update Health Tools
インストールされているパッケージのバージョンは、どのソースからも利用できません: NVIDIA グラフィックス ドライバー 512.15
インストールされているパッケージのバージョンは、どのソースからも利用できません: NVIDIA PhysX システム ソフトウェア 9.21.0713
インストールされているパッケージのバージョンは、どのソースからも利用できません: NVIDIA FrameView SDK 1.2.7521.31103277
インストールされているパッケージのバージョンは、どのソースからも利用できません: NVIDIA HD オーディオ ドライバー 1.3.39.3
インストールされているパッケージのバージョンは、どのソースからも利用できません: Realtek High Definition Audio Driver
インストールされているパッケージのバージョンは、どのソースからも利用できません: Windows Subsystem for Linux Update
